[20:02:12] [main/INFO] (Launcher) ModLauncher running: args [--launchTarget, forgeclientdev, --version, 21.1.197, --assetIndex, 1.21.1-17, --assetsDir, /home/copi/.gradle/caches/fabric-loom/assets, --gameDir, ., --fml.fmlVersion, 4.0.41, --fml.mcVersion, 1.21.1, --fml.neoForgeVersion, 21.1.197, --fml.neoFormVersion, 20240808.144430]
[20:02:12] [main/INFO] (Launcher) JVM identified as Arch Linux OpenJDK 64-Bit Server VM 21.0.8+9
[20:02:12] [main/INFO] (Launcher) ModLauncher 11.0.5+main.901c6ea8 starting: java version 21.0.8 by Arch Linux; OS Linux arch amd64 version 6.15.6-arch1-1
[20:02:12] [main/INFO] (ImmediateWindowHandler) Loading ImmediateWindowProvider fmlearlywindow
[20:02:12] [main/INFO] (EARLYDISPLAY) Trying GL version 4.6
[20:02:12] [main/INFO] (EARLYDISPLAY) Requested GL version 4.6 got version 4.6
[20:02:12] [main/INFO] (mixin) SpongePowered MIXIN Subsystem Version=0.8.7 Source=union:/home/copi/.gradle/caches/modules-2/files-2.1/net.fabricmc/sponge-mixin/0.15.2+mixin.0.8.7/2af2f021d8e02a0220dc27a7a72b4666d66d44ca/sponge-mixin-0.15.2+mixin.0.8.7.jar%23109!/ Service=ModLauncher Env=CLIENT
[20:02:12] [main/INFO] (ModDiscoverer) Found mod file "neoforge-21.1.197-minecraft-merged-1.21.1-loom.mappings.1_21_1.layered+hash.40545-v2-neoforge-21.1.197.jar" [locator: neoforge devenv provider ([/home/copi/.gradle/caches/fabric-loom/minecraftMaven/net/minecraft/neoforge-21.1.197-minecraft-merged/1.21.1-loom.mappings.1_21_1.layered+hash.40545-v2-neoforge-21.1.197/neoforge-21.1.197-minecraft-merged-1.21.1-loom.mappings.1_21_1.layered+hash.40545-v2-neoforge-21.1.197.jar])]
[20:02:12] [main/INFO] (ModDiscoverer) Found mod file "neoforge-21.1.197-minecraft-merged-1.21.1-loom.mappings.1_21_1.layered+hash.40545-v2-neoforge-21.1.197.jar" [locator: neoforge devenv provider ([/home/copi/.gradle/caches/fabric-loom/minecraftMaven/net/minecraft/neoforge-21.1.197-minecraft-merged/1.21.1-loom.mappings.1_21_1.layered+hash.40545-v2-neoforge-21.1.197/neoforge-21.1.197-minecraft-merged-1.21.1-loom.mappings.1_21_1.layered+hash.40545-v2-neoforge-21.1.197.jar])]
[20:02:12] [main/INFO] (ModDiscoverer) Found mod file "main" [locator: userdev mods and services, reader: mod manifest]
[20:02:12] [main/INFO] (ModDiscoverer) Found mod file "neoforge-21.1.197-minecraft-merged-1.21.1-loom.mappings.1_21_1.layered+hash.40545-v2-neoforge-21.1.197.jar" [locator: userdev mods and services, reader: mod manifest]
[20:02:12] [main/INFO] (ModDiscoverer) Found mod file "architectury-neoforge-13.0.8.jar" [locator: userdev mods and services, reader: mod manifest]
[20:02:12] [main/INFO] (ModDiscoverer) Found mod file "4224743555827655795.jar" [locator: userdev mods and services, reader: mod manifest]
[20:02:12] [main/INFO] (ModDiscoverer) Found gamelibrary file "mixinextras-neoforge-0.5.0.jar" [locator: userdev mods and services, reader: mod manifest]
[20:02:12] [pool-5-thread-1/INFO] (EARLYDISPLAY) GL info: NVIDIA GeForce RTX 3090/PCIe/SSE2 GL version 4.6.0 NVIDIA 575.64.03, NVIDIA Corporation
[20:02:12] [main/WARN] (JarSelector) Attempted to select a dependency jar for JarJar which was passed in as source: library:mixinextras.neoforge. Using Mod File: /home/copi/.gradle/caches/modules-2/files-2.1/io.github.llamalad7/mixinextras-neoforge/0.5.0/d734b83ce6542bb70ea31755c1595b88992dbe65/mixinextras-neoforge-0.5.0.jar
[20:02:12] [main/INFO] (JarInJarDependencyLocator) Found 1 dependencies adding them to mods collection
[20:02:12] [main/INFO] (ModDiscoverer) Found library file "net.neoforged.neoforge-coremods-21.1.197.jar" [parent: neoforge-21.1.197-minecraft-merged-1.21.1-loom.mappings.1_21_1.layered+hash.40545-v2-neoforge-21.1.197.jar, locator: jarinjar, reader: mod manifest]
[20:02:12] [main/INFO] (ModDiscoverer) 
     Mod List:
		Name Version (Mod Id)

		Architectury 13.0.8 (architectury)
		generated_2caa17c 1 (generated_2caa17c)
		Minecraft 1.21.1 (minecraft)
		NeoForge 21.1.197 (neoforge)
		UniLib 0.1-ALPHA (unilib)
[20:02:12] [main/INFO] (mixin) Compatibility level set to JAVA_21
[20:02:12] [main/INFO] (LaunchServiceHandler) Launching target 'forgeclientdev' with arguments [--version, 21.1.197, --gameDir, ., --assetsDir, /home/copi/.gradle/caches/fabric-loom/assets, --assetIndex, 1.21.1-17]
[20:02:13] [main/INFO] (unprotect) Found 8254 Minecraft classes
[20:02:13] [main/INFO] (MixinExtras|Service) Initializing MixinExtras via com.llamalad7.mixinextras.service.MixinExtrasServiceImpl(version=0.5.0).
[13Aug2025 20:02:13.942] [Datafixer Bootstrap/INFO] [com.mojang.datafixers.DataFixerBuilder/]: 229 Datafixer optimizations took 109 milliseconds
[13Aug2025 20:02:16.055] [main/WARN] [net.minecraft.commands.Commands/]: Ambiguity between arguments [teleport, location] and [teleport, destination] with inputs: [0.1 -0.5 .9, 0 0 0]
[13Aug2025 20:02:16.056] [main/WARN] [net.minecraft.commands.Commands/]: Ambiguity between arguments [teleport, location] and [teleport, targets] with inputs: [0.1 -0.5 .9, 0 0 0]
[13Aug2025 20:02:16.057] [main/WARN] [net.minecraft.commands.Commands/]: Ambiguity between arguments [teleport, destination] and [teleport, targets] with inputs: [Player, 0123, @e, dd12be42-52a9-4a91-a8a1-11c01849e498]
[13Aug2025 20:02:16.058] [main/WARN] [net.minecraft.commands.Commands/]: Ambiguity between arguments [teleport, targets] and [teleport, destination] with inputs: [Player, 0123, dd12be42-52a9-4a91-a8a1-11c01849e498]
[13Aug2025 20:02:16.058] [main/WARN] [net.minecraft.commands.Commands/]: Ambiguity between arguments [teleport, targets, location] and [teleport, targets, destination] with inputs: [0.1 -0.5 .9, 0 0 0]
[13Aug2025 20:02:16.115] [Render thread/WARN] [net.minecraft.server.packs.VanillaPackResourcesBuilder/]: Assets URL 'union:/home/copi/.gradle/caches/fabric-loom/minecraftMaven/net/minecraft/neoforge-21.1.197-minecraft-merged/1.21.1-loom.mappings.1_21_1.layered+hash.40545-v2-neoforge-21.1.197/neoforge-21.1.197-minecraft-merged-1.21.1-loom.mappings.1_21_1.layered+hash.40545-v2-neoforge-21.1.197.jar%23182!/assets/.mcassetsroot' uses unexpected schema
[13Aug2025 20:02:16.115] [Render thread/WARN] [net.minecraft.server.packs.VanillaPackResourcesBuilder/]: Assets URL 'union:/home/copi/.gradle/caches/fabric-loom/minecraftMaven/net/minecraft/neoforge-21.1.197-minecraft-merged/1.21.1-loom.mappings.1_21_1.layered+hash.40545-v2-neoforge-21.1.197/neoforge-21.1.197-minecraft-merged-1.21.1-loom.mappings.1_21_1.layered+hash.40545-v2-neoforge-21.1.197.jar%23182!/data/.mcassetsroot' uses unexpected schema
[13Aug2025 20:02:16.125] [Render thread/INFO] [com.mojang.authlib.yggdrasil.YggdrasilAuthenticationService/]: Environment: Environment[sessionHost=https://sessionserver.mojang.com, servicesHost=https://api.minecraftservices.com, name=PROD]
[13Aug2025 20:02:16.129] [Render thread/INFO] [net.minecraft.client.Minecraft/]: Setting user: Dev
[13Aug2025 20:02:16.160] [Render thread/INFO] [net.minecraft.client.Minecraft/]: Backend library: LWJGL version 3.3.3+5
[13Aug2025 20:02:16.237] [modloading-worker-0/INFO] [net.neoforged.neoforge.common.NeoForgeMod/NEOFORGE-MOD]: NeoForge mod loading, version 21.1.197, for MC 1.21.1
[13Aug2025 20:02:16.553] [Render thread/INFO] [net.neoforged.neoforge.gametest.GameTestHooks/]: Enabled Gametest Namespaces: []
[13Aug2025 20:02:16.610] [Render thread/INFO] [net.minecraft.server.packs.resources.ReloadableResourceManager/]: Reloading ResourceManager: vanilla, mod_resources, mod/generated_2caa17c, mod/architectury, mod/unilib, mod/neoforge
[13Aug2025 20:02:16.666] [Worker-Main-4/INFO] [net.minecraft.client.gui.font.providers.UnihexProvider/]: Found unifont_all_no_pua-15.1.05.hex, loading
[13Aug2025 20:02:16.695] [Worker-Main-8/INFO] [net.minecraft.client.gui.font.providers.UnihexProvider/]: Found unifont_jp_patch-15.1.05.hex, loading
[13Aug2025 20:02:16.995] [Worker-Main-10/WARN] [net.minecraft.client.resources.model.BlockStateModelLoader/]: Exception loading blockstate definition: 'unilib:blockstates/secretname.json' missing model for variant: 'unilib:secretname#'
[13Aug2025 20:02:16.997] [Worker-Main-10/WARN] [net.minecraft.client.resources.model.ModelBakery/]: Unable to load model: 'unilib:item/secretname' referenced from: unilib:item/secretname: java.io.FileNotFoundException: unilib:models/item/secretname.json
[13Aug2025 20:02:17.368] [Render thread/WARN] [net.minecraft.client.sounds.SoundEngine/]: Missing sound for event: minecraft:item.goat_horn.play
[13Aug2025 20:02:17.368] [Render thread/WARN] [net.minecraft.client.sounds.SoundEngine/]: Missing sound for event: minecraft:entity.goat.screaming.horn_break
[13Aug2025 20:02:17.393] [Render thread/INFO] [com.mojang.blaze3d.audio.Library/]: OpenAL initialized on device Scarlett Solo USB Headphones / Line 1-2
[13Aug2025 20:02:17.393] [Render thread/INFO] [net.minecraft.client.sounds.SoundEngine/SOUNDS]: Sound engine started
[13Aug2025 20:02:17.444] [Render thread/INFO] [net.minecraft.client.renderer.texture.TextureAtlas/]: Created: 1024x512x4 minecraft:textures/atlas/blocks.png-atlas
[13Aug2025 20:02:17.448] [Render thread/INFO] [net.minecraft.client.renderer.texture.TextureAtlas/]: Created: 256x256x4 minecraft:textures/atlas/signs.png-atlas
[13Aug2025 20:02:17.448] [Render thread/INFO] [net.minecraft.client.renderer.texture.TextureAtlas/]: Created: 512x512x4 minecraft:textures/atlas/shield_patterns.png-atlas
[13Aug2025 20:02:17.448] [Render thread/INFO] [net.minecraft.client.renderer.texture.TextureAtlas/]: Created: 512x512x4 minecraft:textures/atlas/banner_patterns.png-atlas
[13Aug2025 20:02:17.449] [Render thread/INFO] [net.minecraft.client.renderer.texture.TextureAtlas/]: Created: 1024x1024x4 minecraft:textures/atlas/armor_trims.png-atlas
[13Aug2025 20:02:17.451] [Render thread/INFO] [net.minecraft.client.renderer.texture.TextureAtlas/]: Created: 128x64x4 minecraft:textures/atlas/decorated_pot.png-atlas
[13Aug2025 20:02:17.451] [Render thread/INFO] [net.minecraft.client.renderer.texture.TextureAtlas/]: Created: 256x256x4 minecraft:textures/atlas/chest.png-atlas
[13Aug2025 20:02:17.451] [Render thread/INFO] [net.minecraft.client.renderer.texture.TextureAtlas/]: Created: 512x256x4 minecraft:textures/atlas/beds.png-atlas
[13Aug2025 20:02:17.451] [Render thread/INFO] [net.minecraft.client.renderer.texture.TextureAtlas/]: Created: 512x256x4 minecraft:textures/atlas/shulker_boxes.png-atlas
[13Aug2025 20:02:17.549] [Render thread/INFO] [net.minecraft.client.renderer.texture.TextureAtlas/]: Created: 512x256x0 minecraft:textures/atlas/particles.png-atlas
[13Aug2025 20:02:17.550] [Render thread/INFO] [net.minecraft.client.renderer.texture.TextureAtlas/]: Created: 512x256x0 minecraft:textures/atlas/paintings.png-atlas
[13Aug2025 20:02:17.551] [Render thread/INFO] [net.minecraft.client.renderer.texture.TextureAtlas/]: Created: 256x128x0 minecraft:textures/atlas/mob_effects.png-atlas
[13Aug2025 20:02:17.551] [Render thread/INFO] [net.minecraft.client.renderer.texture.TextureAtlas/]: Created: 64x64x0 minecraft:textures/atlas/map_decorations.png-atlas
[13Aug2025 20:02:17.551] [Render thread/INFO] [net.minecraft.client.renderer.texture.TextureAtlas/]: Created: 1024x512x0 minecraft:textures/atlas/gui.png-atlas
[13Aug2025 20:02:17.563] [Render thread/WARN] [net.minecraft.client.renderer.ShaderInstance/]: Shader rendertype_entity_translucent_emissive could not find sampler named Sampler2 in the specified shader program.
[13Aug2025 20:02:17.589] [Render thread/INFO] [net.neoforged.neoforge.client.entity.animation.json.AnimationLoader/]: Loaded 0 entity animations
[13Aug2025 20:02:26.046] [Render thread/INFO] [net.minecraft.server.packs.resources.ReloadableResourceManager/]: Reloading ResourceManager: vanilla, mod_resources, mod/generated_2caa17c, mod/architectury, mod/unilib, mod/neoforge
[13Aug2025 20:02:26.048] [Worker-Main-7/INFO] [net.minecraft.client.gui.font.providers.UnihexProvider/]: Found unifont_all_no_pua-15.1.05.hex, loading
[13Aug2025 20:02:26.116] [Worker-Main-2/INFO] [net.minecraft.client.gui.font.providers.UnihexProvider/]: Found unifont_jp_patch-15.1.05.hex, loading
[13Aug2025 20:02:26.228] [Worker-Main-2/WARN] [net.minecraft.client.resources.model.BlockStateModelLoader/]: Exception loading blockstate definition: 'unilib:blockstates/secretname.json' missing model for variant: 'unilib:secretname#'
[13Aug2025 20:02:26.230] [Worker-Main-2/WARN] [net.minecraft.client.resources.model.ModelBakery/]: Unable to load model: 'unilib:item/secretname' referenced from: unilib:item/secretname: java.io.FileNotFoundException: unilib:models/item/secretname.json
[13Aug2025 20:02:26.397] [Render thread/WARN] [net.minecraft.client.sounds.SoundEngine/]: Missing sound for event: minecraft:item.goat_horn.play
[13Aug2025 20:02:26.397] [Render thread/WARN] [net.minecraft.client.sounds.SoundEngine/]: Missing sound for event: minecraft:entity.goat.screaming.horn_break
[13Aug2025 20:02:26.421] [Render thread/INFO] [com.mojang.blaze3d.audio.Library/]: OpenAL initialized on device Scarlett Solo USB Headphones / Line 1-2
[13Aug2025 20:02:26.421] [Render thread/INFO] [net.minecraft.client.sounds.SoundEngine/SOUNDS]: Sound engine started
[13Aug2025 20:02:26.456] [Render thread/INFO] [net.minecraft.client.renderer.texture.TextureAtlas/]: Created: 1024x512x4 minecraft:textures/atlas/blocks.png-atlas
[13Aug2025 20:02:26.459] [Render thread/INFO] [net.minecraft.client.renderer.texture.TextureAtlas/]: Created: 256x256x4 minecraft:textures/atlas/signs.png-atlas
[13Aug2025 20:02:26.459] [Render thread/INFO] [net.minecraft.client.renderer.texture.TextureAtlas/]: Created: 512x512x4 minecraft:textures/atlas/shield_patterns.png-atlas
[13Aug2025 20:02:26.459] [Render thread/INFO] [net.minecraft.client.renderer.texture.TextureAtlas/]: Created: 512x512x4 minecraft:textures/atlas/banner_patterns.png-atlas
[13Aug2025 20:02:26.459] [Render thread/INFO] [net.minecraft.client.renderer.texture.TextureAtlas/]: Created: 1024x1024x4 minecraft:textures/atlas/armor_trims.png-atlas
[13Aug2025 20:02:26.461] [Render thread/INFO] [net.minecraft.client.renderer.texture.TextureAtlas/]: Created: 128x64x4 minecraft:textures/atlas/decorated_pot.png-atlas
[13Aug2025 20:02:26.461] [Render thread/INFO] [net.minecraft.client.renderer.texture.TextureAtlas/]: Created: 256x256x4 minecraft:textures/atlas/chest.png-atlas
[13Aug2025 20:02:26.461] [Render thread/INFO] [net.minecraft.client.renderer.texture.TextureAtlas/]: Created: 512x256x4 minecraft:textures/atlas/beds.png-atlas
[13Aug2025 20:02:26.461] [Render thread/INFO] [net.minecraft.client.renderer.texture.TextureAtlas/]: Created: 512x256x4 minecraft:textures/atlas/shulker_boxes.png-atlas
[13Aug2025 20:02:26.466] [Render thread/INFO] [net.minecraft.client.renderer.texture.TextureAtlas/]: Created: 512x256x0 minecraft:textures/atlas/particles.png-atlas
[13Aug2025 20:02:26.466] [Render thread/INFO] [net.minecraft.client.renderer.texture.TextureAtlas/]: Created: 512x256x0 minecraft:textures/atlas/paintings.png-atlas
[13Aug2025 20:02:26.466] [Render thread/INFO] [net.minecraft.client.renderer.texture.TextureAtlas/]: Created: 256x128x0 minecraft:textures/atlas/mob_effects.png-atlas
[13Aug2025 20:02:26.466] [Render thread/INFO] [net.minecraft.client.renderer.texture.TextureAtlas/]: Created: 64x64x0 minecraft:textures/atlas/map_decorations.png-atlas
[13Aug2025 20:02:26.466] [Render thread/INFO] [net.minecraft.client.renderer.texture.TextureAtlas/]: Created: 1024x512x0 minecraft:textures/atlas/gui.png-atlas
[13Aug2025 20:02:26.473] [Render thread/WARN] [net.minecraft.client.renderer.ShaderInstance/]: Shader rendertype_entity_translucent_emissive could not find sampler named Sampler2 in the specified shader program.
[13Aug2025 20:02:26.489] [Render thread/INFO] [net.neoforged.neoforge.client.entity.animation.json.AnimationLoader/]: Loaded 0 entity animations
[13Aug2025 20:02:31.102] [Render thread/INFO] [net.minecraft.world.item.crafting.RecipeManager/]: Loaded 1290 recipes
[13Aug2025 20:02:31.194] [Render thread/INFO] [net.minecraft.advancements.AdvancementTree/]: Loaded 1399 advancements
[13Aug2025 20:02:32.610] [Server thread/INFO] [net.minecraft.client.server.IntegratedServer/]: Starting integrated minecraft server version 1.21.1
[13Aug2025 20:02:32.610] [Server thread/INFO] [net.minecraft.server.MinecraftServer/]: Generating keypair
[13Aug2025 20:02:34.003] [Server thread/INFO] [net.minecraft.server.MinecraftServer/]: Preparing start region for dimension minecraft:overworld
[13Aug2025 20:02:34.033] [progressListener/INFO] [net.minecraft.server.level.progress.LoggerChunkProgressListener/]: Preparing spawn area: 2%
[13Aug2025 20:02:34.519] [progressListener/INFO] [net.minecraft.server.level.progress.LoggerChunkProgressListener/]: Preparing spawn area: 18%
[13Aug2025 20:02:35.033] [progressListener/INFO] [net.minecraft.server.level.progress.LoggerChunkProgressListener/]: Preparing spawn area: 51%
[13Aug2025 20:02:35.447] [Server thread/INFO] [net.neoforged.neoforge.server.permission.PermissionAPI/]: Successfully initialized permission handler neoforge:default_handler
[13Aug2025 20:02:35.454] [progressListener/INFO] [net.minecraft.server.level.progress.LoggerChunkProgressListener/]: Time elapsed: 1438 ms
[13Aug2025 20:02:35.461] [Server thread/INFO] [net.minecraft.client.server.IntegratedServer/]: Changing view distance to 12, from 10
[13Aug2025 20:02:35.461] [Server thread/INFO] [net.minecraft.client.server.IntegratedServer/]: Changing simulation distance to 12, from 0
[13Aug2025 20:02:35.807] [Server thread/INFO] [net.minecraft.server.players.PlayerList/]: Dev[local:E:39172c48] logged in with entity id 17 at (7.5, 67.0, 27.5)
[13Aug2025 20:02:35.853] [Server thread/INFO] [net.minecraft.server.MinecraftServer/]: Dev joined the game
[13Aug2025 20:02:36.039] [Render thread/INFO] [net.minecraft.advancements.AdvancementTree/]: Loaded 2 advancements
[13Aug2025 20:02:43.622] [Server thread/INFO] [net.minecraft.server.MinecraftServer/]: [Dev: Gave 1 [block.unilib.secretname] to Dev]
[13Aug2025 20:02:43.647] [Render thread/INFO] [net.minecraft.client.gui.components.ChatComponent/]: [System] [CHAT] Gave 1 [block.unilib.secretname] to Dev
[13Aug2025 20:02:49.398] [Server thread/INFO] [net.minecraft.client.server.IntegratedServer/]: Saving and pausing game...
[13Aug2025 20:02:49.405] [Server thread/INFO] [net.minecraft.server.MinecraftServer/]: Saving chunks for level 'ServerLevel[New World]'/minecraft:overworld
[13Aug2025 20:02:49.412] [Server thread/INFO] [net.minecraft.server.MinecraftServer/]: Saving chunks for level 'ServerLevel[New World]'/minecraft:the_nether
[13Aug2025 20:02:49.412] [Server thread/INFO] [net.minecraft.server.MinecraftServer/]: Saving chunks for level 'ServerLevel[New World]'/minecraft:the_end
[13Aug2025 20:02:50.060] [Server thread/INFO] [net.minecraft.server.network.ServerGamePacketListenerImpl/]: Dev lost connection: Disconnected
[13Aug2025 20:02:50.060] [Server thread/INFO] [net.minecraft.server.MinecraftServer/]: Dev left the game
[13Aug2025 20:02:50.064] [Server thread/INFO] [net.minecraft.server.network.ServerCommonPacketListenerImpl/]: Stopping singleplayer server as player logged out
[13Aug2025 20:02:50.098] [Server thread/INFO] [net.minecraft.server.MinecraftServer/]: Stopping server
[13Aug2025 20:02:50.098] [Server thread/INFO] [net.minecraft.server.MinecraftServer/]: Saving players
[13Aug2025 20:02:50.099] [Server thread/INFO] [net.minecraft.server.MinecraftServer/]: Saving worlds
[13Aug2025 20:02:50.952] [Server thread/INFO] [net.minecraft.server.MinecraftServer/]: Saving chunks for level 'ServerLevel[New World]'/minecraft:overworld
[13Aug2025 20:02:50.977] [Server thread/INFO] [net.minecraft.server.MinecraftServer/]: Saving chunks for level 'ServerLevel[New World]'/minecraft:the_nether
[13Aug2025 20:02:50.979] [Server thread/INFO] [net.minecraft.server.MinecraftServer/]: Saving chunks for level 'ServerLevel[New World]'/minecraft:the_end
[13Aug2025 20:02:50.982] [Server thread/INFO] [net.minecraft.server.MinecraftServer/]: ThreadedAnvilChunkStorage (New World): All chunks are saved
[13Aug2025 20:02:50.982] [Server thread/INFO] [net.minecraft.server.MinecraftServer/]: ThreadedAnvilChunkStorage (DIM-1): All chunks are saved
[13Aug2025 20:02:50.982] [Server thread/INFO] [net.minecraft.server.MinecraftServer/]: ThreadedAnvilChunkStorage (DIM1): All chunks are saved
[13Aug2025 20:02:50.982] [Server thread/INFO] [net.minecraft.server.MinecraftServer/]: ThreadedAnvilChunkStorage: All dimensions are saved
[13Aug2025 20:02:51.419] [Render thread/INFO] [net.minecraft.client.Minecraft/]: Stopping!
