[10:44:30] [main/INFO] (FabricLoader/GameProvider) Loading Minecraft 1.21.1 with Fabric Loader 0.17.2
[10:44:30] [main/INFO] (FabricLoader) Loading 57 mods:
	- architectury 13.0.8
	- fabric-api 0.116.5+1.21.1
	- fabric-api-base 0.4.42+6573ed8c19
	- fabric-api-lookup-api-v1 1.6.71+b559734419
	- fabric-biome-api-v1 13.0.31+d527f9fd19
	- fabric-block-api-v1 1.1.0+0bc3503219
	- fabric-block-view-api-v2 1.0.11+ebb2264e19
	- fabric-blockrenderlayer-v1 1.1.52+0af3f5a719
	- fabric-client-tags-api-v1 1.1.15+6573ed8c19
	- fabric-command-api-v1 1.2.49+f71b366f19
	- fabric-command-api-v2 2.2.28+6ced4dd919
	- fabric-commands-v0 0.2.66+df3654b319
	- fabric-content-registries-v0 8.0.19+b559734419
	- fabric-convention-tags-v1 2.1.5+7f945d5b19
	- fabric-convention-tags-v2 2.11.1+a406e79519
	- fabric-crash-report-info-v1 0.2.29+0af3f5a719
	- fabric-data-attachment-api-v1 1.4.5+6116a37819
	- fabric-data-generation-api-v1 20.2.33+37516cd619
	- fabric-dimensions-v1 4.0.0+6fc22b9919
	- fabric-entity-events-v1 1.8.0+2b27e0a419
	- fabric-events-interaction-v0 0.7.13+ba9dae0619
	- fabric-game-rule-api-v1 1.0.53+6ced4dd919
	- fabric-gametest-api-v1 2.0.5+6fc22b9919
	- fabric-item-api-v1 11.2.0+3b3cb2e819
	- fabric-item-group-api-v1 4.1.7+def88e3a19
	- fabric-key-binding-api-v1 1.0.47+0af3f5a719
	- fabric-keybindings-v0 0.2.45+df3654b319
	- fabric-lifecycle-events-v1 2.6.0+0865547519
	- fabric-loot-api-v2 3.0.15+3f89f5a519
	- fabric-loot-api-v3 1.0.3+3f89f5a519
	- fabric-message-api-v1 6.0.14+8aaf3aca19
	- fabric-model-loading-api-v1 2.1.0+b4d813fc19
	- fabric-networking-api-v1 4.3.0+c7469b2119
	- fabric-object-builder-api-v1 15.2.1+40875a9319
	- fabric-particles-v1 4.0.2+6573ed8c19
	- fabric-recipe-api-v1 5.0.14+248df81c19
	- fabric-registry-sync-v0 5.3.1+e3eddc2119
	- fabric-renderer-api-v1 3.4.1+b4d813fc19
	- fabric-renderer-indigo 1.7.1+c705a49c19
	- fabric-renderer-registries-v1 3.2.69+df3654b319
	- fabric-rendering-data-attachment-v1 0.3.49+73761d2e19
	- fabric-rendering-fluids-v1 3.1.6+1daea21519
	- fabric-rendering-v0 1.1.72+df3654b319
	- fabric-rendering-v1 5.1.0+ab4c25a019
	- fabric-resource-conditions-api-v1 4.3.0+8dc279b119
	- fabric-resource-loader-v0 1.3.1+5b5275af19
	- fabric-screen-api-v1 2.0.25+8b68f1c719
	- fabric-screen-handler-api-v1 1.3.90+b559734419
	- fabric-sound-api-v1 1.0.23+6573ed8c19
	- fabric-transfer-api-v1 5.4.3+c24bd99419
	- fabric-transitive-access-wideners-v1 6.2.0+45b9699719
	- fabricloader 0.17.2
	- generated_5254dec 1.0.0
	- java 21
	- minecraft 1.21.1
	- mixinextras 0.5.0
	- unilib 0.1-ALPHA
[10:44:30] [main/INFO] (FabricLoader/Mixin) SpongePowered MIXIN Subsystem Version=0.8.7 Source=file:/home/copi/.gradle/caches/modules-2/files-2.1/net.fabricmc/sponge-mixin/0.16.3+mixin.0.8.7/3e535042688d1265447e52ad86950b7d9678a5fa/sponge-mixin-0.16.3+mixin.0.8.7.jar Service=Knot/Fabric Env=CLIENT
[10:44:30] [main/INFO] (FabricLoader/Mixin) Loaded Fabric development mappings for mixin remapper!
[10:44:30] [main/INFO] (FabricLoader/Mixin) Compatibility level set to JAVA_17
[10:44:30] [main/INFO] (FabricLoader/Mixin) Compatibility level set to JAVA_21
[10:44:31] [main/INFO] (FabricLoader/MixinExtras|Service) Initializing MixinExtras via com.llamalad7.mixinextras.service.MixinExtrasServiceImpl(version=0.5.0).
[10:44:31] [Datafixer Bootstrap/INFO] (Minecraft) 226 Datafixer optimizations took 141 milliseconds
[10:44:33] [Render thread/INFO] (Minecraft) Environment: Environment[sessionHost=https://sessionserver.mojang.com, servicesHost=https://api.minecraftservices.com, name=PROD]
[10:44:33] [Render thread/INFO] (Minecraft) Setting user: Player174
[10:44:34] [Render thread/INFO] (Minecraft) [STDOUT]: [Unilib] Initialized with MOD_ID: unilib
[10:44:34] [Render thread/INFO] (Minecraft) [STDOUT]: [Unilib] Adding: test
[10:44:34] [Render thread/INFO] (Minecraft) [STDOUT]: [Unilib] [BLOCK] Registered: test (Display: test)
[10:44:34] [Render thread/INFO] (Minecraft) [STDOUT]: [Unilib] Adding: testitem
[10:44:34] [Render thread/INFO] (Minecraft) [STDOUT]: [Unilib] [ITEM] Registered: testitem (Display: testitem)
[10:44:34] [Render thread/INFO] (Minecraft) [STDOUT]: [Unilib] Adding: Wheel Of Doom
[10:44:34] [Render thread/INFO] (Minecraft) [STDOUT]: [Unilib] [BLOCK] Registered: wheel_of_doom (Display: Wheel Of Doom)
[10:44:34] [Render thread/INFO] (Minecraft) [STDOUT]: [Unilib] Adding: wasistdas
[10:44:34] [Render thread/ERROR] (Minecraft) No data fixer registered for wasistdas
[10:44:34] [Render thread/INFO] (Minecraft) [STDOUT]: [Unilib] [ENTITY] Registered: wasistdas (Display: wasistdas)
[10:44:34] [Render thread/INFO] (Minecraft) [STDOUT]: [Unilib] Adding: example_block_entity
[10:44:34] [Render thread/INFO] (Minecraft) [STDOUT]: [Unilib] [BLOCK ENTITY] Registered: example_block_entity (Display: example_block_entity)
[10:44:34] [Render thread/INFO] (Indigo) [Indigo] Registering Indigo renderer!
[10:44:34] [Render thread/INFO] (NetworkManagerImpl) Registering S2C receiver with id architectury:spawn_entity_packet
[10:44:34] [Render thread/INFO] (Minecraft) [STDOUT]: [Unilib/Fabric] Runtime resource pack registered
